ANALYZING WEEK 1
GAME:  GB at CHI
OUR PREDICTION:  GB
CORRECT?:  True

GAME:  TEN at CLE
OUR PREDICTION:  CLE
CORRECT?:  False

GAME:  BAL at MIA
OUR PREDICTION:  BAL
CORRECT?:  True

GAME:  ATL at MIN
OUR PREDICTION:  ATL
CORRECT?:  False

GAME:  BUF at NYJ
OUR PREDICTION:  NYJ
CORRECT?:  False

GAME:  WSH at PHI
OUR PREDICTION:  PHI
CORRECT?:  True

GAME:  LAR at CAR
OUR PREDICTION:  LAR
CORRECT?:  True

GAME:  KC at JAX
OUR PREDICTION:  KC
CORRECT?:  True

GAME:  IND at LAC
OUR PREDICTION:  IND
CORRECT?:  False

GAME:  CIN at SEA
OUR PREDICTION:  SEA
CORRECT?:  True

GAME:  NYG at DAL
OUR PREDICTION:  DAL
CORRECT?:  True

GAME:  DET at ARI
OUR PREDICTION:  ARI
CORRECT?:  WINNER NOT KNOWN

GAME:  SF at TB
OUR PREDICTION:  SF
CORRECT?:  True

GAME:  PIT at NE
OUR PREDICTION:  NE
CORRECT?:  True

GAME:  HOU at NO
OUR PREDICTION:  NO
CORRECT?:  True

GAME:  DEN at OAK
OUR PREDICTION:  OAK
CORRECT?:  True

WEEKLY ACCURACY: 0.75
-------------------------------
ANALYZING WEEK 2
GAME:  TB at CAR
OUR PREDICTION:  CAR
CORRECT?:  False

GAME:  SF at CIN
OUR PREDICTION:  CIN
CORRECT?:  False

GAME:  LAC at DET
OUR PREDICTION:  LAC
CORRECT?:  False

GAME:  MIN at GB
OUR PREDICTION:  MIN
CORRECT?:  False

GAME:  IND at TEN
OUR PREDICTION:  IND
CORRECT?:  True

GAME:  NE at MIA
OUR PREDICTION:  NE
CORRECT?:  True

GAME:  BUF at NYG
OUR PREDICTION:  BUF
CORRECT?:  True

GAME:  SEA at PIT
OUR PREDICTION:  PIT
CORRECT?:  False

GAME:  DAL at WSH
OUR PREDICTION:  DAL
CORRECT?:  True

GAME:  ARI at BAL
OUR PREDICTION:  BAL
CORRECT?:  True

GAME:  JAX at HOU
OUR PREDICTION:  HOU
CORRECT?:  True

GAME:  KC at OAK
OUR PREDICTION:  KC
CORRECT?:  True

GAME:  CHI at DEN
OUR PREDICTION:  CHI
CORRECT?:  True

GAME:  NO at LAR
OUR PREDICTION:  NO
CORRECT?:  False

GAME:  PHI at ATL
OUR PREDICTION:  PHI
CORRECT?:  False

GAME:  CLE at NYJ
OUR PREDICTION:  CLE
CORRECT?:  True

WEEKLY ACCURACY: 0.5625
-------------------------------
ANALYZING WEEK 3
GAME:  TEN at JAX
OUR PREDICTION:  TEN
CORRECT?:  False

GAME:  CIN at BUF
OUR PREDICTION:  BUF
CORRECT?:  True

GAME:  MIA at DAL
OUR PREDICTION:  DAL
CORRECT?:  True

GAME:  DEN at GB
OUR PREDICTION:  GB
CORRECT?:  True

GAME:  ATL at IND
OUR PREDICTION:  IND
CORRECT?:  True

GAME:  BAL at KC
OUR PREDICTION:  KC
CORRECT?:  True

GAME:  OAK at MIN
OUR PREDICTION:  MIN
CORRECT?:  True

GAME:  NYJ at NE
OUR PREDICTION:  NE
CORRECT?:  True

GAME:  DET at PHI
OUR PREDICTION:  PHI
CORRECT?:  False

GAME:  CAR at ARI
OUR PREDICTION:  ARI
CORRECT?:  False

GAME:  NYG at TB
OUR PREDICTION:  TB
CORRECT?:  False

GAME:  HOU at LAC
OUR PREDICTION:  LAC
CORRECT?:  False

GAME:  PIT at SF
OUR PREDICTION:  SF
CORRECT?:  True

GAME:  NO at SEA
OUR PREDICTION:  SEA
CORRECT?:  False

GAME:  LAR at CLE
OUR PREDICTION:  LAR
CORRECT?:  True

GAME:  CHI at WSH
OUR PREDICTION:  CHI
CORRECT?:  True

WEEKLY ACCURACY: 0.625
-------------------------------
ANALYZING WEEK 4
GAME:  PHI at GB
OUR PREDICTION:  GB
CORRECT?:  False

GAME:  TEN at ATL
OUR PREDICTION:  ATL
CORRECT?:  False

GAME:  NE at BUF
OUR PREDICTION:  NE
CORRECT?:  True

GAME:  KC at DET
OUR PREDICTION:  KC
CORRECT?:  True

GAME:  OAK at IND
OUR PREDICTION:  IND
CORRECT?:  False

GAME:  LAC at MIA
OUR PREDICTION:  LAC
CORRECT?:  True

GAME:  WSH at NYG
OUR PREDICTION:  NYG
CORRECT?:  True

GAME:  CLE at BAL
OUR PREDICTION:  BAL
CORRECT?:  False

GAME:  CAR at HOU
OUR PREDICTION:  CAR
CORRECT?:  True

GAME:  TB at LAR
OUR PREDICTION:  LAR
CORRECT?:  False

GAME:  SEA at ARI
OUR PREDICTION:  SEA
CORRECT?:  True

GAME:  MIN at CHI
OUR PREDICTION:  MIN
CORRECT?:  False

GAME:  JAX at DEN
OUR PREDICTION:  DEN
CORRECT?:  False

GAME:  DAL at NO
OUR PREDICTION:  DAL
CORRECT?:  False

GAME:  CIN at PIT
OUR PREDICTION:  PIT
CORRECT?:  True

WEEKLY ACCURACY: 0.4666666666666667
-------------------------------
ANALYZING WEEK 5
GAME:  LAR at SEA
OUR PREDICTION:  LAR
CORRECT?:  False

GAME:  ARI at CIN
OUR PREDICTION:  ARI
CORRECT?:  True

GAME:  BUF at TEN
OUR PREDICTION:  TEN
CORRECT?:  False

GAME:  CHI at OAK
OUR PREDICTION:  CHI
CORRECT?:  False

GAME:  TB at NO
OUR PREDICTION:  NO
CORRECT?:  True

GAME:  MIN at NYG
OUR PREDICTION:  MIN
CORRECT?:  True

GAME:  NYJ at PHI
OUR PREDICTION:  PHI
CORRECT?:  True

GAME:  BAL at PIT
OUR PREDICTION:  PIT
CORRECT?:  False

GAME:  NE at WSH
OUR PREDICTION:  NE
CORRECT?:  True

GAME:  JAX at CAR
OUR PREDICTION:  CAR
CORRECT?:  True

GAME:  ATL at HOU
OUR PREDICTION:  HOU
CORRECT?:  True

GAME:  DEN at LAC
OUR PREDICTION:  LAC
CORRECT?:  False

GAME:  GB at DAL
OUR PREDICTION:  DAL
CORRECT?:  False

GAME:  IND at KC
OUR PREDICTION:  KC
CORRECT?:  False

GAME:  CLE at SF
OUR PREDICTION:  SF
CORRECT?:  True

WEEKLY ACCURACY: 0.5333333333333333
-------------------------------
ANALYZING WEEK 6
GAME:  NYG at NE
OUR PREDICTION:  NE
CORRECT?:  True

GAME:  CAR at TB
OUR PREDICTION:  CAR
CORRECT?:  True

GAME:  SEA at CLE
OUR PREDICTION:  SEA
CORRECT?:  True

GAME:  HOU at KC
OUR PREDICTION:  KC
CORRECT?:  False

GAME:  WSH at MIA
OUR PREDICTION:  WSH
CORRECT?:  True

GAME:  PHI at MIN
OUR PREDICTION:  MIN
CORRECT?:  True

GAME:  NO at JAX
OUR PREDICTION:  NO
CORRECT?:  True

GAME:  CIN at BAL
OUR PREDICTION:  BAL
CORRECT?:  True

GAME:  SF at LAR
OUR PREDICTION:  LAR
CORRECT?:  False

GAME:  ATL at ARI
OUR PREDICTION:  ATL
CORRECT?:  False

GAME:  TEN at DEN
OUR PREDICTION:  DEN
CORRECT?:  True

GAME:  DAL at NYJ
OUR PREDICTION:  DAL
CORRECT?:  False

GAME:  PIT at LAC
OUR PREDICTION:  LAC
CORRECT?:  False

GAME:  DET at GB
OUR PREDICTION:  GB
CORRECT?:  True

WEEKLY ACCURACY: 0.6428571428571429
-------------------------------
ANALYZING WEEK 7
GAME:  KC at DEN
OUR PREDICTION:  KC
CORRECT?:  True

GAME:  LAR at ATL
OUR PREDICTION:  LAR
CORRECT?:  True

GAME:  MIA at BUF
OUR PREDICTION:  MIA
CORRECT?:  False

GAME:  JAX at CIN
OUR PREDICTION:  JAX
CORRECT?:  True

GAME:  MIN at DET
OUR PREDICTION:  MIN
CORRECT?:  True

GAME:  OAK at GB
OUR PREDICTION:  GB
CORRECT?:  True

GAME:  HOU at IND
OUR PREDICTION:  HOU
CORRECT?:  False

GAME:  ARI at NYG
OUR PREDICTION:  NYG
CORRECT?:  False

GAME:  SF at WSH
OUR PREDICTION:  SF
CORRECT?:  True

GAME:  LAC at TEN
OUR PREDICTION:  TEN
CORRECT?:  True

GAME:  NO at CHI
OUR PREDICTION:  NO
CORRECT?:  True

GAME:  BAL at SEA
OUR PREDICTION:  SEA
CORRECT?:  False

GAME:  PHI at DAL
OUR PREDICTION:  PHI
CORRECT?:  False

GAME:  NE at NYJ
OUR PREDICTION:  NE
CORRECT?:  True

WEEKLY ACCURACY: 0.6428571428571429
-------------------------------
ANALYZING WEEK 8
GAME:  WSH at MIN
OUR PREDICTION:  MIN
CORRECT?:  True

GAME:  SEA at ATL
OUR PREDICTION:  SEA
CORRECT?:  True

GAME:  PHI at BUF
OUR PREDICTION:  PHI
CORRECT?:  True

GAME:  LAC at CHI
OUR PREDICTION:  CHI
CORRECT?:  False

GAME:  NYG at DET
OUR PREDICTION:  DET
CORRECT?:  True

GAME:  TB at TEN
OUR PREDICTION:  TB
CORRECT?:  False

GAME:  DEN at IND
OUR PREDICTION:  IND
CORRECT?:  True

GAME:  CIN at LAR
OUR PREDICTION:  LAR
CORRECT?:  True

GAME:  ARI at NO
OUR PREDICTION:  NO
CORRECT?:  True

GAME:  NYJ at JAX
OUR PREDICTION:  NYJ
CORRECT?:  False

GAME:  CAR at SF
OUR PREDICTION:  CAR
CORRECT?:  False

GAME:  CLE at NE
OUR PREDICTION:  NE
CORRECT?:  True

GAME:  OAK at HOU
OUR PREDICTION:  HOU
CORRECT?:  True

GAME:  GB at KC
OUR PREDICTION:  GB
CORRECT?:  True

GAME:  MIA at PIT
OUR PREDICTION:  PIT
CORRECT?:  True

WEEKLY ACCURACY: 0.7333333333333333
-------------------------------
ANALYZING WEEK 9
GAME:  SF at ARI
OUR PREDICTION:  SF
CORRECT?:  True

GAME:  HOU at JAX
OUR PREDICTION:  JAX
CORRECT?:  False

GAME:  WSH at BUF
OUR PREDICTION:  BUF
CORRECT?:  True

GAME:  MIN at KC
OUR PREDICTION:  MIN
CORRECT?:  False

GAME:  NYJ at MIA
OUR PREDICTION:  NYJ
CORRECT?:  False

GAME:  CHI at PHI
OUR PREDICTION:  PHI
CORRECT?:  True

GAME:  IND at PIT
OUR PREDICTION:  IND
CORRECT?:  False

GAME:  TEN at CAR
OUR PREDICTION:  CAR
CORRECT?:  True

GAME:  DET at OAK
OUR PREDICTION:  OAK
CORRECT?:  True

GAME:  TB at SEA
OUR PREDICTION:  SEA
CORRECT?:  True

GAME:  CLE at DEN
OUR PREDICTION:  CLE
CORRECT?:  False

GAME:  GB at LAC
OUR PREDICTION:  GB
CORRECT?:  False

GAME:  NE at BAL
OUR PREDICTION:  NE
CORRECT?:  False

GAME:  DAL at NYG
OUR PREDICTION:  DAL
CORRECT?:  True

WEEKLY ACCURACY: 0.5
-------------------------------
ANALYZING WEEK 10
GAME:  LAC at OAK
OUR PREDICTION:  OAK
CORRECT?:  True

GAME:  DET at CHI
OUR PREDICTION:  DET
CORRECT?:  False

GAME:  BAL at CIN
OUR PREDICTION:  BAL
CORRECT?:  True

GAME:  BUF at CLE
OUR PREDICTION:  CLE
CORRECT?:  True

GAME:  KC at TEN
OUR PREDICTION:  KC
CORRECT?:  False

GAME:  ATL at NO
OUR PREDICTION:  NO
CORRECT?:  False

GAME:  NYG at NYJ
OUR PREDICTION:  NYG
CORRECT?:  False

GAME:  ARI at TB
OUR PREDICTION:  TB
CORRECT?:  True

GAME:  MIA at IND
OUR PREDICTION:  IND
CORRECT?:  False

GAME:  CAR at GB
OUR PREDICTION:  GB
CORRECT?:  True

GAME:  LAR at PIT
OUR PREDICTION:  LAR
CORRECT?:  False

GAME:  MIN at DAL
OUR PREDICTION:  DAL
CORRECT?:  False

GAME:  SEA at SF
OUR PREDICTION:  SEA
CORRECT?:  True

WEEKLY ACCURACY: 0.46153846153846156
-------------------------------
ANALYZING WEEK 11
GAME:  PIT at CLE
OUR PREDICTION:  PIT
CORRECT?:  False

GAME:  DAL at DET
OUR PREDICTION:  DAL
CORRECT?:  True

GAME:  JAX at IND
OUR PREDICTION:  IND
CORRECT?:  True

GAME:  BUF at MIA
OUR PREDICTION:  BUF
CORRECT?:  True

GAME:  DEN at MIN
OUR PREDICTION:  MIN
CORRECT?:  True

GAME:  NO at TB
OUR PREDICTION:  NO
CORRECT?:  True

GAME:  NYJ at WSH
OUR PREDICTION:  WSH
CORRECT?:  False

GAME:  ATL at CAR
OUR PREDICTION:  CAR
CORRECT?:  False

GAME:  HOU at BAL
OUR PREDICTION:  BAL
CORRECT?:  True

GAME:  ARI at SF
OUR PREDICTION:  SF
CORRECT?:  True

GAME:  CIN at OAK
OUR PREDICTION:  OAK
CORRECT?:  True

GAME:  NE at PHI
OUR PREDICTION:  NE
CORRECT?:  True

GAME:  CHI at LAR
OUR PREDICTION:  LAR
CORRECT?:  True

GAME:  KC at LAC
OUR PREDICTION:  KC
CORRECT?:  True

WEEKLY ACCURACY: 0.7857142857142857
-------------------------------
ANALYZING WEEK 12
GAME:  IND at HOU
OUR PREDICTION:  IND
CORRECT?:  False

GAME:  TB at ATL
OUR PREDICTION:  ATL
CORRECT?:  False

GAME:  DEN at BUF
OUR PREDICTION:  BUF
CORRECT?:  True

GAME:  NYG at CHI
OUR PREDICTION:  CHI
CORRECT?:  True

GAME:  PIT at CIN
OUR PREDICTION:  PIT
CORRECT?:  True

GAME:  MIA at CLE
OUR PREDICTION:  CLE
CORRECT?:  True

GAME:  CAR at NO
OUR PREDICTION:  NO
CORRECT?:  True

GAME:  OAK at NYJ
OUR PREDICTION:  OAK
CORRECT?:  False

GAME:  SEA at PHI
OUR PREDICTION:  SEA
CORRECT?:  True

GAME:  DET at WSH
OUR PREDICTION:  DET
CORRECT?:  False

GAME:  JAX at TEN
OUR PREDICTION:  TEN
CORRECT?:  True

GAME:  DAL at NE
OUR PREDICTION:  NE
CORRECT?:  True

GAME:  GB at SF
OUR PREDICTION:  GB
CORRECT?:  False

GAME:  BAL at LAR
OUR PREDICTION:  LAR
CORRECT?:  False

WEEKLY ACCURACY: 0.5714285714285714
-------------------------------
ANALYZING WEEK 13
GAME:  CHI at DET
OUR PREDICTION:  CHI
CORRECT?:  True

GAME:  BUF at DAL
OUR PREDICTION:  DAL
CORRECT?:  False

GAME:  NO at ATL
OUR PREDICTION:  NO
CORRECT?:  True

GAME:  NYJ at CIN
OUR PREDICTION:  NYJ
CORRECT?:  False

GAME:  TEN at IND
OUR PREDICTION:  IND
CORRECT?:  False

GAME:  PHI at MIA
OUR PREDICTION:  PHI
CORRECT?:  False

GAME:  GB at NYG
OUR PREDICTION:  GB
CORRECT?:  True

GAME:  CLE at PIT
OUR PREDICTION:  PIT
CORRECT?:  True

GAME:  WSH at CAR
OUR PREDICTION:  CAR
CORRECT?:  False

GAME:  TB at JAX
OUR PREDICTION:  TB
CORRECT?:  True

GAME:  SF at BAL
OUR PREDICTION:  BAL
CORRECT?:  True

GAME:  LAR at ARI
OUR PREDICTION:  ARI
CORRECT?:  False

GAME:  LAC at DEN
OUR PREDICTION:  DEN
CORRECT?:  True

GAME:  OAK at KC
OUR PREDICTION:  KC
CORRECT?:  True

GAME:  NE at HOU
OUR PREDICTION:  HOU
CORRECT?:  True

GAME:  MIN at SEA
OUR PREDICTION:  SEA
CORRECT?:  True

WEEKLY ACCURACY: 0.625
-------------------------------
ANALYZING WEEK 14
GAME:  DAL at CHI
OUR PREDICTION:  CHI
CORRECT?:  True

GAME:  CAR at ATL
OUR PREDICTION:  ATL
CORRECT?:  True

GAME:  BAL at BUF
OUR PREDICTION:  BAL
CORRECT?:  True

GAME:  CIN at CLE
OUR PREDICTION:  CLE
CORRECT?:  True

GAME:  WSH at GB
OUR PREDICTION:  GB
CORRECT?:  True

GAME:  DET at MIN
OUR PREDICTION:  MIN
CORRECT?:  True

GAME:  SF at NO
OUR PREDICTION:  SF
CORRECT?:  True

GAME:  MIA at NYJ
OUR PREDICTION:  NYJ
CORRECT?:  True

GAME:  IND at TB
OUR PREDICTION:  IND
CORRECT?:  False

GAME:  DEN at HOU
OUR PREDICTION:  HOU
CORRECT?:  False

GAME:  LAC at JAX
OUR PREDICTION:  LAC
CORRECT?:  True

GAME:  TEN at OAK
OUR PREDICTION:  TEN
CORRECT?:  True

GAME:  KC at NE
OUR PREDICTION:  NE
CORRECT?:  False

GAME:  PIT at ARI
OUR PREDICTION:  ARI
CORRECT?:  False

GAME:  SEA at LAR
OUR PREDICTION:  SEA
CORRECT?:  False

GAME:  NYG at PHI
OUR PREDICTION:  PHI
CORRECT?:  True

WEEKLY ACCURACY: 0.6875
-------------------------------
ANALYZING WEEK 15
GAME:  NYJ at BAL
OUR PREDICTION:  BAL
CORRECT?:  True

GAME:  NE at CIN
OUR PREDICTION:  NE
CORRECT?:  True

GAME:  TB at DET
OUR PREDICTION:  DET
CORRECT?:  False

GAME:  CHI at GB
OUR PREDICTION:  GB
CORRECT?:  True

GAME:  HOU at TEN
OUR PREDICTION:  TEN
CORRECT?:  False

GAME:  DEN at KC
OUR PREDICTION:  KC
CORRECT?:  True

GAME:  MIA at NYG
OUR PREDICTION:  MIA
CORRECT?:  False

GAME:  PHI at WSH
OUR PREDICTION:  PHI
CORRECT?:  True

GAME:  SEA at CAR
OUR PREDICTION:  SEA
CORRECT?:  True

GAME:  JAX at OAK
OUR PREDICTION:  OAK
CORRECT?:  False

GAME:  CLE at ARI
OUR PREDICTION:  CLE
CORRECT?:  False

GAME:  MIN at LAC
OUR PREDICTION:  MIN
CORRECT?:  True

GAME:  LAR at DAL
OUR PREDICTION:  LAR
CORRECT?:  False

GAME:  ATL at SF
OUR PREDICTION:  SF
CORRECT?:  False

GAME:  BUF at PIT
OUR PREDICTION:  BUF
CORRECT?:  True

GAME:  IND at NO
OUR PREDICTION:  NO
CORRECT?:  True

WEEKLY ACCURACY: 0.5625
-------------------------------
ANALYZING WEEK 16
GAME:  HOU at TB
OUR PREDICTION:  HOU
CORRECT?:  True

GAME:  BUF at NE
OUR PREDICTION:  NE
CORRECT?:  True

GAME:  LAR at SF
OUR PREDICTION:  SF
CORRECT?:  True

GAME:  JAX at ATL
OUR PREDICTION:  ATL
CORRECT?:  True

GAME:  BAL at CLE
OUR PREDICTION:  BAL
CORRECT?:  True

GAME:  NO at TEN
OUR PREDICTION:  TEN
CORRECT?:  False

GAME:  CAR at IND
OUR PREDICTION:  IND
CORRECT?:  True

GAME:  CIN at MIA
OUR PREDICTION:  MIA
CORRECT?:  True

GAME:  PIT at NYJ
OUR PREDICTION:  PIT
CORRECT?:  False

GAME:  NYG at WSH
OUR PREDICTION:  NYG
CORRECT?:  True

GAME:  DET at DEN
OUR PREDICTION:  DEN
CORRECT?:  True

GAME:  OAK at LAC
OUR PREDICTION:  OAK
CORRECT?:  True

GAME:  DAL at PHI
OUR PREDICTION:  DAL
CORRECT?:  False

GAME:  ARI at SEA
OUR PREDICTION:  SEA
CORRECT?:  False

GAME:  KC at CHI
OUR PREDICTION:  KC
CORRECT?:  True

GAME:  GB at MIN
OUR PREDICTION:  GB
CORRECT?:  True

WEEKLY ACCURACY: 0.75
-------------------------------
ANALYZING WEEK 17
GAME:  NYJ at BUF
OUR PREDICTION:  BUF
CORRECT?:  False

GAME:  CLE at CIN
OUR PREDICTION:  CLE
CORRECT?:  False

GAME:  GB at DET
OUR PREDICTION:  GB
CORRECT?:  True

GAME:  LAC at KC
OUR PREDICTION:  KC
CORRECT?:  True

GAME:  CHI at MIN
OUR PREDICTION:  MIN
CORRECT?:  False

GAME:  MIA at NE
OUR PREDICTION:  NE
CORRECT?:  False

GAME:  ATL at TB
OUR PREDICTION:  TB
CORRECT?:  False

GAME:  NO at CAR
OUR PREDICTION:  NO
CORRECT?:  True

GAME:  WSH at DAL
OUR PREDICTION:  DAL
CORRECT?:  True

GAME:  OAK at DEN
OUR PREDICTION:  OAK
CORRECT?:  False

GAME:  ARI at LAR
OUR PREDICTION:  LAR
CORRECT?:  True

GAME:  PHI at NYG
OUR PREDICTION:  PHI
CORRECT?:  True

GAME:  IND at JAX
OUR PREDICTION:  IND
CORRECT?:  False

GAME:  PIT at BAL
OUR PREDICTION:  PIT
CORRECT?:  False

GAME:  TEN at HOU
OUR PREDICTION:  HOU
CORRECT?:  False

GAME:  SF at SEA
OUR PREDICTION:  SF
CORRECT?:  True

WEEKLY ACCURACY: 0.4375
-------------------------------
TOTAL ACCURACY: 0.6081017022193492
FINAL WEIGHTS: {'Bowen': 0.00012744317272559664, 'Clay': 5.742784143074438e-05, 'Golic': 4.705155402993182e-05, 'Graziano': 4.2589222494634975e-05, 'Kimes': 9.451348863909886e-05, 'Reid': 1.7371261945889615e-05, 'Riddick': 2.1202149366753196e-05, 'Seifert': 0.00014079616804462018, 'Wickersham': 0.00014079616804462018, 'Wingo': 0.00012744317272559664}
